<?xml version="1.0" encoding="UTF-8"?>
<!-- Generated by org.testng.reporters.JUnitReportReporter -->
<testsuite hostname="DESKTOP-QH08G25" failures="0" tests="1" name="test.TestSubmit" time="27.999" errors="0" timestamp="2022-02-27T07:05:51 IST" skipped="0">
  <testcase classname="test.TestSubmit" name="submit" time="27.999"/>
  <system-out>
    <![CDATA[execution of test method started
execution of test method completed]]>
  </system-out>
</testsuite> <!-- test.TestSubmit -->
